output from test file  mtrtst.joy  (* MATRICES and VECTORS *)
user input is indented by one tab
["hello" "hello" "hello" "hello" "hello"]
[1 1 1 1 1]
[6 7 8]
[31.300000 62.600000 93.900000]
[4 3 2 1 0 -1 -2 -3 -4 -5]
[-4 -3 -2 -1 0 1 2 3 4 5]
[{2} {4 6} {8}]
[3.140000 9.859600 30.959144]
[1 4 9 16]
[-1.100000 -2.200000 -3.300000 -4.400000 -5.500000]
[0.909091 0.454545 0.303030 0.227273 0.181818]
false
true
[11 22 33]
[10 40 90]
[{1 2 3 4} {2 3 4 5 6}]
[{1 3} {4}]
[true false false false]
14
31.460000
{2 3 6}
{2}
{}
{1 2 3 4 5 6}
true
[[1 2 3 4]]
[[1] [2] [3] [4]]
[[1 0 0 0] [0 2 0 0] [0 0 3 0] [0 0 0 4]]
[[1 0 0 0] [0 2 0 0] [0 0 3 0] [0 0 0 4]]
[["Peter" "" ""] ["" "Paul" ""] ["" "" "Mary"]]
[[{1 2} {} {}] [{} {3 4 5} {}] [{} {} {6}]]
[[1 0 0 0] [0 1 0 0] [0 0 1 0] [0 0 0 1]]
[[1 0 0 0] [0 1 0 0] [0 0 1 0] [0 0 0 1]]
[['i 'o 'o 'o] ['o 'i 'o 'o] ['o 'o 'i 'o] ['o 'o 'o 'i]]
[[11 21] [12 22] [13 23]]
[[4.400000 5.500000 6.600000 7.700000] [5.500000 6.600000 7.700000
8.800000]]
[[4.840000 6.050000 7.260000 8.470000] [9.680000 12.100000 14.520000
16.940000]]
[[{1 2 3} {1 2 3} {1 2 3 4}] [{1 4 5} {2 3 4 5} {3 4 5}]]
[[{1} {2 3} {3}] [{} {} {4}]]
[[1 1 1] [2 4 8] [3 9 27] [4 16 64]]
[[0.000000 1.000000 0.000000] [0.500000 0.866025 0.577350] [0.707107
0.707107 1.00000]]
[[[peter smith] [peter jones]] [[paul smith] [paul jones]]]
2
[[paul jones] [paul smith] [peter jones] [peter smith]]
4
[[1 2] [3 4] [5 6] [7 8]]
[[1 2 5 6] [3 4 7 8]]
[[1 4 7 10] [2 5 8 11] [3 6 9 12]]
[[11 12] [13 14] [15 16]]
[[-9 -8] [-7 -6] [-5 -4]]
[[10 20] [30 40] [50 60]]
[[0 0] [0 0] [0 0]]
[[7 7] [7 7] [7 7]]
[[2 3] [4 5] [6 7]]
[[{1} {3}] [{5} {7}]]
[[4 3 2] [1 0 -1] [-2 -3 -4]]
[[-4 -3 -2] [-1 0 1] [2 3 4]]
[[0 0 0] [0 0 0] [0 0 0]]
[[11 22 33] [44 55 66]]
[[11 22 33] [44 55 66]]
[[10 40 90] [160 250 360]]
[[true true] [true false]]
[[true false] [false false]]
[[false true] [true false]]
[[1 0] [0 1]]
[[1 0] [0 1]]
[[1 2 3] [4 5 6]]
[[1 2] [3 4] [5 6]]
[[1 2] [3 4] [5 6]]
[ [1.100000 2.200000]
  [3.300000 4.400000]
  [5.500000 6.600000]]
[ [1.100000 2.200000]
  [3.300000 4.400000]]
[ [8.470000 12.100000]
  [18.150000 26.620000]
  [27.830000 41.140000]]
[ [{1 2} {3 4}]
  [{4 5} {6 7}]]
[ [{1 3 5} {6}]
  [{2} {3 4 5}]]
[ [{1} {3 4}]
  [{5} {}]]
